Using pre-set license
Built from '2021.1/china_unity/release' branch; Version is '2021.1.4f1c1 (3a82435d3076) revision 3834435'; Using compiler version '192528614'; Build Type 'Release'
OS: 'Windows 10 Enterprise; OS build 19042.928; Version 2009; 64bit' Language: 'en' Physical Memory: 130799 MB
BatchMode: 1, IsHumanControllingUs: 0, StartBugReporterOnCrash: 0, Is64bit: 1, IsPro: 0

 COMMAND LINE ARGUMENTS:
C:\Program Files\Unity\Hub\Editor\2021.1.4f1c1\Editor\Unity.exe
-adb2
-batchMode
-noUpm
-name
AssetImportWorker0
-projectPath
D:/Unity_Learn/enemyAI_StateMachine/actgame_deme
-logFile
Logs/AssetImportWorker0.log
-srvPort
51007
Successfully changed project path to: D:/Unity_Learn/enemyAI_StateMachine/actgame_deme
D:/Unity_Learn/enemyAI_StateMachine/actgame_deme
Using Asset Import Pipeline V2.
Refreshing native plugins compatible for Editor in 42.66 ms, found 0 plugins.
Preloading 0 native plugins for Editor in 0.00 ms.
Initialize engine version: 2021.1.4f1c1 (3a82435d3076)
[Subsystems] Discovering subsystems at path C:/Program Files/Unity/Hub/Editor/2021.1.4f1c1/Editor/Data/Resources/UnitySubsystems
[Subsystems] Discovering subsystems at path D:/Unity_Learn/enemyAI_StateMachine/actgame_deme/Assets
GfxDevice: creating device client; threaded=0; jobified=0
Direct3D:
    Version:  Direct3D 11.0 [level 11.1]
    Renderer: NVIDIA GeForce RTX 2070 (ID=0x1f02)
    Vendor:   NVIDIA
    VRAM:     8031 MB
    Driver:   27.21.14.6093
Initialize mono
Mono path[0] = 'C:/Program Files/Unity/Hub/Editor/2021.1.4f1c1/Editor/Data/Managed'
Mono path[1] = 'C:/Program Files/Unity/Hub/Editor/2021.1.4f1c1/Editor/Data/MonoBleedingEdge/lib/mono/unityjit'
Mono config path = 'C:/Program Files/Unity/Hub/Editor/2021.1.4f1c1/Editor/Data/MonoBleedingEdge/etc'
Using monoOptions --debugger-agent=transport=dt_socket,embedding=1,server=y,suspend=n,address=127.0.0.1:56132
Begin MonoManager ReloadAssembly
Registering precompiled unity dll's ...
Register platform support module: C:/Program Files/Unity/Hub/Editor/2021.1.4f1c1/Editor/Data/PlaybackEngines/WindowsStandaloneSupport/UnityEditor.WindowsStandalone.Extensions.dll
Registered in 0.002010 seconds.
Native extension for WindowsStandalone target not found
Refreshing native plugins compatible for Editor in 66.66 ms, found 0 plugins.
Preloading 0 native plugins for Editor in 0.00 ms.
Mono: successfully reloaded assembly
- Completed reload, in  2.968 seconds
Platform modules already initialized, skipping
Registering precompiled user dll's ...
Registered in 0.006086 seconds.
Begin MonoManager ReloadAssembly
Native extension for WindowsStandalone target not found
Refreshing native plugins compatible for Editor in 1.21 ms, found 0 plugins.
Preloading 0 native plugins for Editor in 0.00 ms.
Mono: successfully reloaded assembly
- Completed reload, in  1.531 seconds
Platform modules already initialized, skipping
========================================================================
Worker process is ready to serve import requests
Launched and connected shader compiler UnityShaderCompiler.exe after 0.34 seconds
Refreshing native plugins compatible for Editor in 0.53 ms, found 0 plugins.
Preloading 0 native plugins for Editor in 0.00 ms.
Unloading 1652 Unused Serialized files (Serialized files now loaded: 0)
System memory in use before: 73.3 MB.
System memory in use after: 73.4 MB.

Unloading 42 unused Assets to reduce memory usage. Loaded Objects now: 2088.
Total: 5.476400 ms (FindLiveObjects: 0.214500 ms CreateObjectMapping: 0.042700 ms MarkObjects: 5.139600 ms  DeleteObjects: 0.078100 ms)

========================================================================
Received Import Request.
  path: Assets/Animation/Player/Arrow.png
  artifactKey: Guid(826b1ca8809e6bd479e3cc619e4acb42) Importer(815301076,1909f56bfc062723c751e8b465ee728b)
Start importing Assets/Animation/Player/Arrow.png using Guid(826b1ca8809e6bd479e3cc619e4acb42) Importer(815301076,1909f56bfc062723c751e8b465ee728b)  -> (artifact id: 'd1bf7eee3299d575fcbf397439adeb83') in 0.327070 seconds 
========================================================================
Received Import Request.
  Time since last request: 254.692425 seconds.
  path: Assets/Animation/Player/Arrow.png
  artifactKey: Guid(826b1ca8809e6bd479e3cc619e4acb42) Importer(815301076,1909f56bfc062723c751e8b465ee728b)
Start importing Assets/Animation/Player/Arrow.png using Guid(826b1ca8809e6bd479e3cc619e4acb42) Importer(815301076,1909f56bfc062723c751e8b465ee728b)  -> (artifact id: '070db8f44721d5e481825a503e5e99a7') in 0.021219 seconds 
========================================================================
Received Import Request.
  Time since last request: 11.962614 seconds.
  path: Assets/Animation/Player/Arrow.png
  artifactKey: Guid(826b1ca8809e6bd479e3cc619e4acb42) Importer(815301076,1909f56bfc062723c751e8b465ee728b)
Start importing Assets/Animation/Player/Arrow.png using Guid(826b1ca8809e6bd479e3cc619e4acb42) Importer(815301076,1909f56bfc062723c751e8b465ee728b)  -> (artifact id: '79f2880ecca3fa7f7c2abf0db7da2d73') in 0.016622 seconds 
========================================================================
Received Import Request.
  Time since last request: 81.271771 seconds.
  path: Assets/Animation/Player/Arrow.png
  artifactKey: Guid(826b1ca8809e6bd479e3cc619e4acb42) Importer(815301076,1909f56bfc062723c751e8b465ee728b)
Start importing Assets/Animation/Player/Arrow.png using Guid(826b1ca8809e6bd479e3cc619e4acb42) Importer(815301076,1909f56bfc062723c751e8b465ee728b)  -> (artifact id: 'b5581f9bd13f3e35cfd398e43f5049ed') in 0.013885 seconds 
========================================================================
Received Prepare
Registering precompiled user dll's ...
Registered in 0.001928 seconds.
Begin MonoManager ReloadAssembly
Native extension for WindowsStandalone target not found
Refreshing native plugins compatible for Editor in 0.54 ms, found 0 plugins.
Preloading 0 native plugins for Editor in 0.00 ms.
Mono: successfully reloaded assembly
- Completed reload, in  1.002 seconds
Platform modules already initialized, skipping
Refreshing native plugins compatible for Editor in 0.51 ms, found 0 plugins.
Preloading 0 native plugins for Editor in 0.00 ms.
Unloading 1647 Unused Serialized files (Serialized files now loaded: 0)
System memory in use before: 78.6 MB.
System memory in use after: 78.7 MB.

Unloading 33 unused Assets to reduce memory usage. Loaded Objects now: 2154.
Total: 5.512900 ms (FindLiveObjects: 0.219000 ms CreateObjectMapping: 0.040800 ms MarkObjects: 5.220100 ms  DeleteObjects: 0.031400 ms)

========================================================================
Received Import Request.
  Time since last request: 568.399819 seconds.
  path: Assets/Scripts/Attack/Arrow.cs
  artifactKey: Guid(a02a41efdfb7ddb4a835d2aba797e727) Importer(815301076,1909f56bfc062723c751e8b465ee728b)
Start importing Assets/Scripts/Attack/Arrow.cs using Guid(a02a41efdfb7ddb4a835d2aba797e727) Importer(815301076,1909f56bfc062723c751e8b465ee728b)  -> (artifact id: 'c9e271ca0191a18830e720197096d4c5') in 0.012463 seconds 
========================================================================
Received Prepare
Registering precompiled user dll's ...
Registered in 0.002844 seconds.
Begin MonoManager ReloadAssembly
Native extension for WindowsStandalone target not found
Refreshing native plugins compatible for Editor in 0.51 ms, found 0 plugins.
Preloading 0 native plugins for Editor in 0.00 ms.
Mono: successfully reloaded assembly
- Completed reload, in  0.992 seconds
Platform modules already initialized, skipping
Refreshing native plugins compatible for Editor in 0.53 ms, found 0 plugins.
Preloading 0 native plugins for Editor in 0.00 ms.
Unloading 1647 Unused Serialized files (Serialized files now loaded: 0)
System memory in use before: 78.6 MB.
System memory in use after: 78.7 MB.

Unloading 33 unused Assets to reduce memory usage. Loaded Objects now: 2158.
Total: 6.174500 ms (FindLiveObjects: 0.216000 ms CreateObjectMapping: 0.040800 ms MarkObjects: 5.878900 ms  DeleteObjects: 0.037200 ms)

========================================================================
Received Prepare
Registering precompiled user dll's ...
Registered in 0.001968 seconds.
Begin MonoManager ReloadAssembly
Native extension for WindowsStandalone target not found
Refreshing native plugins compatible for Editor in 0.50 ms, found 0 plugins.
Preloading 0 native plugins for Editor in 0.00 ms.
Mono: successfully reloaded assembly
- Completed reload, in  1.072 seconds
Platform modules already initialized, skipping
Refreshing native plugins compatible for Editor in 0.82 ms, found 0 plugins.
Preloading 0 native plugins for Editor in 0.00 ms.
Unloading 1647 Unused Serialized files (Serialized files now loaded: 0)
System memory in use before: 78.6 MB.
System memory in use after: 78.7 MB.

Unloading 33 unused Assets to reduce memory usage. Loaded Objects now: 2161.
Total: 7.931800 ms (FindLiveObjects: 0.348800 ms CreateObjectMapping: 0.141300 ms MarkObjects: 7.408700 ms  DeleteObjects: 0.031500 ms)

========================================================================
Received Import Request.
  Time since last request: 42.391300 seconds.
  path: Assets/Scripts/Attack/Arrow.cs
  artifactKey: Guid(a02a41efdfb7ddb4a835d2aba797e727) Importer(815301076,1909f56bfc062723c751e8b465ee728b)
Start importing Assets/Scripts/Attack/Arrow.cs using Guid(a02a41efdfb7ddb4a835d2aba797e727) Importer(815301076,1909f56bfc062723c751e8b465ee728b)  -> (artifact id: '22d4d9972afd9a38b70ef59e4262d9a2') in 0.006407 seconds 
========================================================================
Received Prepare
Registering precompiled user dll's ...
Registered in 0.002541 seconds.
Begin MonoManager ReloadAssembly
Native extension for WindowsStandalone target not found
Refreshing native plugins compatible for Editor in 0.52 ms, found 0 plugins.
Preloading 0 native plugins for Editor in 0.00 ms.
Mono: successfully reloaded assembly
- Completed reload, in  1.103 seconds
Platform modules already initialized, skipping
Refreshing native plugins compatible for Editor in 0.51 ms, found 0 plugins.
Preloading 0 native plugins for Editor in 0.00 ms.
Unloading 1647 Unused Serialized files (Serialized files now loaded: 0)
System memory in use before: 78.6 MB.
System memory in use after: 78.7 MB.

Unloading 33 unused Assets to reduce memory usage. Loaded Objects now: 2164.
Total: 5.921500 ms (FindLiveObjects: 0.245500 ms CreateObjectMapping: 0.051200 ms MarkObjects: 5.592700 ms  DeleteObjects: 0.030200 ms)

========================================================================
Received Prepare
Registering precompiled user dll's ...
Registered in 0.001776 seconds.
Begin MonoManager ReloadAssembly
Native extension for WindowsStandalone target not found
Refreshing native plugins compatible for Editor in 0.59 ms, found 0 plugins.
Preloading 0 native plugins for Editor in 0.00 ms.
Mono: successfully reloaded assembly
- Completed reload, in  1.190 seconds
Platform modules already initialized, skipping
Refreshing native plugins compatible for Editor in 0.51 ms, found 0 plugins.
Preloading 0 native plugins for Editor in 0.00 ms.
Unloading 1647 Unused Serialized files (Serialized files now loaded: 0)
System memory in use before: 78.6 MB.
System memory in use after: 78.7 MB.

Unloading 33 unused Assets to reduce memory usage. Loaded Objects now: 2167.
Total: 6.435500 ms (FindLiveObjects: 0.227300 ms CreateObjectMapping: 0.073300 ms MarkObjects: 6.098800 ms  DeleteObjects: 0.033500 ms)

========================================================================
Received Prepare
Registering precompiled user dll's ...
Registered in 0.001828 seconds.
Begin MonoManager ReloadAssembly
Native extension for WindowsStandalone target not found
Refreshing native plugins compatible for Editor in 0.85 ms, found 0 plugins.
Preloading 0 native plugins for Editor in 0.00 ms.
Mono: successfully reloaded assembly
- Completed reload, in  1.048 seconds
Platform modules already initialized, skipping
Refreshing native plugins compatible for Editor in 0.51 ms, found 0 plugins.
Preloading 0 native plugins for Editor in 0.00 ms.
Unloading 1647 Unused Serialized files (Serialized files now loaded: 0)
System memory in use before: 78.6 MB.
System memory in use after: 78.8 MB.

Unloading 33 unused Assets to reduce memory usage. Loaded Objects now: 2170.
Total: 5.927200 ms (FindLiveObjects: 0.219000 ms CreateObjectMapping: 0.064500 ms MarkObjects: 5.612400 ms  DeleteObjects: 0.029300 ms)

========================================================================
Received Prepare
Registering precompiled user dll's ...
Registered in 0.001807 seconds.
Begin MonoManager ReloadAssembly
Native extension for WindowsStandalone target not found
Refreshing native plugins compatible for Editor in 0.58 ms, found 0 plugins.
Preloading 0 native plugins for Editor in 0.00 ms.
Mono: successfully reloaded assembly
- Completed reload, in  1.172 seconds
Platform modules already initialized, skipping
Refreshing native plugins compatible for Editor in 0.50 ms, found 0 plugins.
Preloading 0 native plugins for Editor in 0.00 ms.
Unloading 1647 Unused Serialized files (Serialized files now loaded: 0)
System memory in use before: 78.7 MB.
System memory in use after: 78.8 MB.

Unloading 33 unused Assets to reduce memory usage. Loaded Objects now: 2173.
Total: 5.721500 ms (FindLiveObjects: 0.229600 ms CreateObjectMapping: 0.046700 ms MarkObjects: 5.414500 ms  DeleteObjects: 0.029400 ms)

========================================================================
Received Prepare
Registering precompiled user dll's ...
Registered in 0.001852 seconds.
Begin MonoManager ReloadAssembly
Native extension for WindowsStandalone target not found
Refreshing native plugins compatible for Editor in 0.53 ms, found 0 plugins.
Preloading 0 native plugins for Editor in 0.00 ms.
Mono: successfully reloaded assembly
- Completed reload, in  1.129 seconds
Platform modules already initialized, skipping
Refreshing native plugins compatible for Editor in 0.51 ms, found 0 plugins.
Preloading 0 native plugins for Editor in 0.00 ms.
Unloading 1647 Unused Serialized files (Serialized files now loaded: 0)
System memory in use before: 78.7 MB.
System memory in use after: 78.8 MB.

Unloading 33 unused Assets to reduce memory usage. Loaded Objects now: 2176.
Total: 6.088500 ms (FindLiveObjects: 0.231100 ms CreateObjectMapping: 0.055800 ms MarkObjects: 5.769200 ms  DeleteObjects: 0.030900 ms)

========================================================================
Received Prepare
Registering precompiled user dll's ...
Registered in 0.002295 seconds.
Begin MonoManager ReloadAssembly
Native extension for WindowsStandalone target not found
Refreshing native plugins compatible for Editor in 1.11 ms, found 0 plugins.
Preloading 0 native plugins for Editor in 0.00 ms.
Mono: successfully reloaded assembly
- Completed reload, in  1.060 seconds
Platform modules already initialized, skipping
Refreshing native plugins compatible for Editor in 0.76 ms, found 0 plugins.
Preloading 0 native plugins for Editor in 0.00 ms.
Unloading 1647 Unused Serialized files (Serialized files now loaded: 0)
System memory in use before: 78.7 MB.
System memory in use after: 78.8 MB.

Unloading 33 unused Assets to reduce memory usage. Loaded Objects now: 2179.
Total: 5.609700 ms (FindLiveObjects: 0.222900 ms CreateObjectMapping: 0.059300 ms MarkObjects: 5.294000 ms  DeleteObjects: 0.032000 ms)

========================================================================
Received Prepare
Registering precompiled user dll's ...
Registered in 0.001751 seconds.
Begin MonoManager ReloadAssembly
Native extension for WindowsStandalone target not found
Refreshing native plugins compatible for Editor in 0.52 ms, found 0 plugins.
Preloading 0 native plugins for Editor in 0.00 ms.
Mono: successfully reloaded assembly
- Completed reload, in  1.135 seconds
Platform modules already initialized, skipping
Refreshing native plugins compatible for Editor in 0.54 ms, found 0 plugins.
Preloading 0 native plugins for Editor in 0.00 ms.
Unloading 1647 Unused Serialized files (Serialized files now loaded: 0)
System memory in use before: 78.7 MB.
System memory in use after: 78.8 MB.

Unloading 33 unused Assets to reduce memory usage. Loaded Objects now: 2182.
Total: 6.271200 ms (FindLiveObjects: 0.391400 ms CreateObjectMapping: 0.070500 ms MarkObjects: 5.764500 ms  DeleteObjects: 0.043200 ms)

========================================================================
Received Prepare
Registering precompiled user dll's ...
Registered in 0.002137 seconds.
Begin MonoManager ReloadAssembly
Native extension for WindowsStandalone target not found
Refreshing native plugins compatible for Editor in 0.56 ms, found 0 plugins.
Preloading 0 native plugins for Editor in 0.00 ms.
Mono: successfully reloaded assembly
- Completed reload, in  1.156 seconds
Platform modules already initialized, skipping
Refreshing native plugins compatible for Editor in 0.78 ms, found 0 plugins.
Preloading 0 native plugins for Editor in 0.00 ms.
Unloading 1647 Unused Serialized files (Serialized files now loaded: 0)
System memory in use before: 78.7 MB.
System memory in use after: 78.8 MB.

Unloading 33 unused Assets to reduce memory usage. Loaded Objects now: 2185.
Total: 11.049500 ms (FindLiveObjects: 0.222800 ms CreateObjectMapping: 0.042000 ms MarkObjects: 10.727200 ms  DeleteObjects: 0.054900 ms)

========================================================================
Received Prepare
Registering precompiled user dll's ...
Registered in 0.001810 seconds.
Begin MonoManager ReloadAssembly
Native extension for WindowsStandalone target not found
Refreshing native plugins compatible for Editor in 0.51 ms, found 0 plugins.
Preloading 0 native plugins for Editor in 0.00 ms.
Mono: successfully reloaded assembly
- Completed reload, in  1.042 seconds
Platform modules already initialized, skipping
Refreshing native plugins compatible for Editor in 1.64 ms, found 0 plugins.
Preloading 0 native plugins for Editor in 0.00 ms.
Unloading 1647 Unused Serialized files (Serialized files now loaded: 0)
System memory in use before: 78.7 MB.
System memory in use after: 78.8 MB.

Unloading 33 unused Assets to reduce memory usage. Loaded Objects now: 2188.
Total: 8.813500 ms (FindLiveObjects: 0.252400 ms CreateObjectMapping: 0.056300 ms MarkObjects: 8.464600 ms  DeleteObjects: 0.038200 ms)

========================================================================
Received Prepare
Registering precompiled user dll's ...
Registered in 0.003375 seconds.
Begin MonoManager ReloadAssembly
Native extension for WindowsStandalone target not found
Refreshing native plugins compatible for Editor in 0.53 ms, found 0 plugins.
Preloading 0 native plugins for Editor in 0.00 ms.
Mono: successfully reloaded assembly
- Completed reload, in  1.163 seconds
Platform modules already initialized, skipping
Refreshing native plugins compatible for Editor in 0.65 ms, found 0 plugins.
Preloading 0 native plugins for Editor in 0.00 ms.
Unloading 1647 Unused Serialized files (Serialized files now loaded: 0)
System memory in use before: 78.7 MB.
System memory in use after: 78.8 MB.

Unloading 33 unused Assets to reduce memory usage. Loaded Objects now: 2191.
Total: 5.851900 ms (FindLiveObjects: 0.234000 ms CreateObjectMapping: 0.049300 ms MarkObjects: 5.539100 ms  DeleteObjects: 0.028200 ms)

========================================================================
Received Prepare
Registering precompiled user dll's ...
Registered in 0.001891 seconds.
Begin MonoManager ReloadAssembly
Native extension for WindowsStandalone target not found
Refreshing native plugins compatible for Editor in 0.57 ms, found 0 plugins.
Preloading 0 native plugins for Editor in 0.00 ms.
Mono: successfully reloaded assembly
- Completed reload, in  1.040 seconds
Platform modules already initialized, skipping
Refreshing native plugins compatible for Editor in 0.52 ms, found 0 plugins.
Preloading 0 native plugins for Editor in 0.00 ms.
Unloading 1647 Unused Serialized files (Serialized files now loaded: 0)
System memory in use before: 78.7 MB.
System memory in use after: 78.8 MB.

Unloading 33 unused Assets to reduce memory usage. Loaded Objects now: 2194.
Total: 9.480400 ms (FindLiveObjects: 0.294000 ms CreateObjectMapping: 0.115000 ms MarkObjects: 9.011400 ms  DeleteObjects: 0.057100 ms)

========================================================================
Received Prepare
Registering precompiled user dll's ...
Registered in 0.002088 seconds.
Begin MonoManager ReloadAssembly
Native extension for WindowsStandalone target not found
Refreshing native plugins compatible for Editor in 0.57 ms, found 0 plugins.
Preloading 0 native plugins for Editor in 0.00 ms.
Mono: successfully reloaded assembly
- Completed reload, in  0.965 seconds
Platform modules already initialized, skipping
Refreshing native plugins compatible for Editor in 4.08 ms, found 0 plugins.
Preloading 0 native plugins for Editor in 0.00 ms.
Unloading 1647 Unused Serialized files (Serialized files now loaded: 0)
System memory in use before: 78.7 MB.
System memory in use after: 78.8 MB.

Unloading 33 unused Assets to reduce memory usage. Loaded Objects now: 2197.
Total: 6.734400 ms (FindLiveObjects: 0.318800 ms CreateObjectMapping: 0.067700 ms MarkObjects: 6.302700 ms  DeleteObjects: 0.043400 ms)

========================================================================
Received Prepare
Registering precompiled user dll's ...
Registered in 0.001816 seconds.
Begin MonoManager ReloadAssembly
Native extension for WindowsStandalone target not found
Refreshing native plugins compatible for Editor in 0.89 ms, found 0 plugins.
Preloading 0 native plugins for Editor in 0.00 ms.
Mono: successfully reloaded assembly
- Completed reload, in  1.225 seconds
Platform modules already initialized, skipping
Refreshing native plugins compatible for Editor in 0.50 ms, found 0 plugins.
Preloading 0 native plugins for Editor in 0.00 ms.
Unloading 1647 Unused Serialized files (Serialized files now loaded: 0)
System memory in use before: 78.8 MB.
System memory in use after: 78.9 MB.

Unloading 33 unused Assets to reduce memory usage. Loaded Objects now: 2200.
Total: 6.051700 ms (FindLiveObjects: 0.246500 ms CreateObjectMapping: 0.072200 ms MarkObjects: 5.693800 ms  DeleteObjects: 0.037600 ms)

========================================================================
Received Prepare
Registering precompiled user dll's ...
Registered in 0.001943 seconds.
Begin MonoManager ReloadAssembly
Native extension for WindowsStandalone target not found
Refreshing native plugins compatible for Editor in 0.51 ms, found 0 plugins.
Preloading 0 native plugins for Editor in 0.00 ms.
Mono: successfully reloaded assembly
- Completed reload, in  1.034 seconds
Platform modules already initialized, skipping
Refreshing native plugins compatible for Editor in 0.75 ms, found 0 plugins.
Preloading 0 native plugins for Editor in 0.00 ms.
Unloading 1647 Unused Serialized files (Serialized files now loaded: 0)
System memory in use before: 78.8 MB.
System memory in use after: 78.9 MB.

Unloading 33 unused Assets to reduce memory usage. Loaded Objects now: 2203.
Total: 11.546600 ms (FindLiveObjects: 0.404800 ms CreateObjectMapping: 0.138400 ms MarkObjects: 10.946600 ms  DeleteObjects: 0.054500 ms)

========================================================================
Received Prepare
Registering precompiled user dll's ...
Registered in 0.002122 seconds.
Begin MonoManager ReloadAssembly
Native extension for WindowsStandalone target not found
Refreshing native plugins compatible for Editor in 0.53 ms, found 0 plugins.
Preloading 0 native plugins for Editor in 0.00 ms.
Mono: successfully reloaded assembly
- Completed reload, in  1.030 seconds
Platform modules already initialized, skipping
Refreshing native plugins compatible for Editor in 0.74 ms, found 0 plugins.
Preloading 0 native plugins for Editor in 0.00 ms.
Unloading 1647 Unused Serialized files (Serialized files now loaded: 0)
System memory in use before: 78.8 MB.
System memory in use after: 78.9 MB.

Unloading 33 unused Assets to reduce memory usage. Loaded Objects now: 2206.
Total: 7.643900 ms (FindLiveObjects: 0.280600 ms CreateObjectMapping: 0.070800 ms MarkObjects: 7.257600 ms  DeleteObjects: 0.033100 ms)

========================================================================
Received Prepare
Registering precompiled user dll's ...
Registered in 0.001921 seconds.
Begin MonoManager ReloadAssembly
Native extension for WindowsStandalone target not found
Refreshing native plugins compatible for Editor in 0.61 ms, found 0 plugins.
Preloading 0 native plugins for Editor in 0.00 ms.
Mono: successfully reloaded assembly
- Completed reload, in  1.164 seconds
Platform modules already initialized, skipping
Refreshing native plugins compatible for Editor in 0.53 ms, found 0 plugins.
Preloading 0 native plugins for Editor in 0.00 ms.
Unloading 1647 Unused Serialized files (Serialized files now loaded: 0)
System memory in use before: 78.8 MB.
System memory in use after: 78.9 MB.

Unloading 33 unused Assets to reduce memory usage. Loaded Objects now: 2209.
Total: 5.575600 ms (FindLiveObjects: 0.231700 ms CreateObjectMapping: 0.044200 ms MarkObjects: 5.264700 ms  DeleteObjects: 0.033100 ms)

========================================================================
Received Prepare
Registering precompiled user dll's ...
Registered in 0.002692 seconds.
Begin MonoManager ReloadAssembly
Native extension for WindowsStandalone target not found
Refreshing native plugins compatible for Editor in 1.09 ms, found 0 plugins.
Preloading 0 native plugins for Editor in 0.00 ms.
Mono: successfully reloaded assembly
- Completed reload, in  1.125 seconds
Platform modules already initialized, skipping
Refreshing native plugins compatible for Editor in 0.51 ms, found 0 plugins.
Preloading 0 native plugins for Editor in 0.00 ms.
Unloading 1647 Unused Serialized files (Serialized files now loaded: 0)
System memory in use before: 78.8 MB.
System memory in use after: 78.9 MB.

Unloading 33 unused Assets to reduce memory usage. Loaded Objects now: 2212.
Total: 5.576400 ms (FindLiveObjects: 0.220400 ms CreateObjectMapping: 0.042400 ms MarkObjects: 5.280000 ms  DeleteObjects: 0.031900 ms)

========================================================================
Received Import Request.
  Time since last request: 899.518954 seconds.
  path: Assets
  artifactKey: Guid(00000000000000001000000000000000) Importer(815301076,1909f56bfc062723c751e8b465ee728b)
Start importing Assets using Guid(00000000000000001000000000000000) Importer(815301076,1909f56bfc062723c751e8b465ee728b)  -> (artifact id: 'a1b5233e0a9246cac1e891390040d686') in 0.025561 seconds 
========================================================================
Received Import Request.
  Time since last request: 5.917147 seconds.
  path: Assets/Prefab
  artifactKey: Guid(4782c9274f5881b43ad58bdbb83265d6) Importer(815301076,1909f56bfc062723c751e8b465ee728b)
Start importing Assets/Prefab using Guid(4782c9274f5881b43ad58bdbb83265d6) Importer(815301076,1909f56bfc062723c751e8b465ee728b)  -> (artifact id: '519ec2befaac7b6233f698ac347f0c81') in 0.006719 seconds 
========================================================================
Received Import Request.
  Time since last request: 12.149456 seconds.
  path: Assets/Resources/Prefab
  artifactKey: Guid(44801067dfbbc344fb13c2c3b938d3a1) Importer(815301076,1909f56bfc062723c751e8b465ee728b)
Start importing Assets/Resources/Prefab using Guid(44801067dfbbc344fb13c2c3b938d3a1) Importer(815301076,1909f56bfc062723c751e8b465ee728b)  -> (artifact id: '435c46e11847fab3f3ee2fbb40243302') in 0.008482 seconds 
========================================================================
Received Import Request.
  Time since last request: 3.896802 seconds.
  path: Assets/Resources/Prefab/Arrow.prefab
  artifactKey: Guid(3a49ede9fd384b943bc6e39a7cce810b) Importer(815301076,1909f56bfc062723c751e8b465ee728b)
Start importing Assets/Resources/Prefab/Arrow.prefab using Guid(3a49ede9fd384b943bc6e39a7cce810b) Importer(815301076,1909f56bfc062723c751e8b465ee728b)  -> (artifact id: '10a4c2213bb90e3c35ca28262c35a6e8') in 0.085556 seconds 
========================================================================
Received Prepare
Registering precompiled user dll's ...
Registered in 0.002062 seconds.
Begin MonoManager ReloadAssembly
Native extension for WindowsStandalone target not found
Refreshing native plugins compatible for Editor in 0.51 ms, found 0 plugins.
Preloading 0 native plugins for Editor in 0.00 ms.
Mono: successfully reloaded assembly
- Completed reload, in  1.090 seconds
Platform modules already initialized, skipping
Refreshing native plugins compatible for Editor in 0.55 ms, found 0 plugins.
Preloading 0 native plugins for Editor in 0.00 ms.
Unloading 1647 Unused Serialized files (Serialized files now loaded: 0)
System memory in use before: 78.8 MB.
System memory in use after: 79.0 MB.

Unloading 33 unused Assets to reduce memory usage. Loaded Objects now: 2220.
Total: 6.351100 ms (FindLiveObjects: 0.361100 ms CreateObjectMapping: 0.107800 ms MarkObjects: 5.851300 ms  DeleteObjects: 0.029200 ms)

AssetImportWorkerClient::OnTransportError - code=2 error=End of file
